# JRE version: Java(TM) SE Runtime Environment (17.0.5+9) (build 17.0.5+9-LTS-191)
# Java VM: Java HotSpot(TM) 64-Bit Server VM (17.0.5+9-LTS-191, mixed mode, sharing, tiered, compressed oops, compressed class ptrs, g1 gc, windows-amd64)
GC Precious Log:
 CPUs: 4 total, 4 available
 Memory: 8052M
 Large Page Support: Disabled
 NUMA Support: Disabled
 Compressed Oops: Enabled (32-bit)
 Heap Region Size: 1M
 Heap Min Capacity: 8M
 Heap Initial Capacity: 126M
 Heap Max Capacity: 2014M
 Pre-touch: Disabled
 Parallel Workers: 4
 Concurrent Workers: 1
 Concurrent Refinement Workers: 4
 Periodic GC: Disabled
Heap:
 garbage-first heap   total 129024K, used 29419K [0x0000000082200000, 0x0000000100000000)
  region size 1024K, 24 young (24576K), 2 survivors (2048K)
 Metaspace       used 16159K, committed 16384K, reserved 1064960K
  class space    used 1815K, committed 1984K, reserved 1048576K
GC Heap History (8 events):
Event: 1.467 GC heap before
{Heap before GC invocations=0 (full 0):
 garbage-first heap   total 129024K, used 13312K [0x0000000082200000, 0x0000000100000000)
  region size 1024K, 13 young (13312K), 0 survivors (0K)
 Metaspace       used 10964K, committed 11200K, reserved 1064960K
  class space    used 1232K, committed 1344K, reserved 1048576K
}
Event: 1.485 GC heap after
{Heap after GC invocations=1 (full 0):
 garbage-first heap   total 129024K, used 4213K [0x0000000082200000, 0x0000000100000000)
  region size 1024K, 2 young (2048K), 2 survivors (2048K)
 Metaspace       used 10964K, committed 11200K, reserved 1064960K
  class space    used 1232K, committed 1344K, reserved 1048576K
}
Event: 3.128 GC heap before
{Heap before GC invocations=1 (full 0):
 garbage-first heap   total 129024K, used 13429K [0x0000000082200000, 0x0000000100000000)
  region size 1024K, 8 young (8192K), 2 survivors (2048K)
 Metaspace       used 15930K, committed 16192K, reserved 1064960K
  class space    used 1811K, committed 1920K, reserved 1048576K
}
Event: 3.155 GC heap after
{Heap after GC invocations=2 (full 0):
 garbage-first heap   total 129024K, used 8690K [0x0000000082200000, 0x0000000100000000)
  region size 1024K, 1 young (1024K), 1 survivors (1024K)
 Metaspace       used 15930K, committed 16192K, reserved 1064960K
  class space    used 1811K, committed 1920K, reserved 1048576K
}
Event: 3.278 GC heap before
{Heap before GC invocations=2 (full 0):
 garbage-first heap   total 129024K, used 27122K [0x0000000082200000, 0x0000000100000000)
  region size 1024K, 20 young (20480K), 1 survivors (1024K)
 Metaspace       used 15934K, committed 16192K, reserved 1064960K
  class space    used 1812K, committed 1920K, reserved 1048576K
}
Event: 3.281 GC heap after
{Heap after GC invocations=3 (full 0):
 garbage-first heap   total 129024K, used 8826K [0x0000000082200000, 0x0000000100000000)
  region size 1024K, 2 young (2048K), 2 survivors (2048K)
 Metaspace       used 15934K, committed 16192K, reserved 1064960K
  class space    used 1812K, committed 1920K, reserved 1048576K
}
Event: 3.394 GC heap before
{Heap before GC invocations=3 (full 0):
 garbage-first heap   total 129024K, used 82554K [0x0000000082200000, 0x0000000100000000)
  region size 1024K, 75 young (76800K), 2 survivors (2048K)
 Metaspace       used 15966K, committed 16192K, reserved 1064960K
  class space    used 1812K, committed 1920K, reserved 1048576K
}
Event: 3.397 GC heap after
{Heap after GC invocations=4 (full 0):
 garbage-first heap   total 129024K, used 8939K [0x0000000082200000, 0x0000000100000000)
  region size 1024K, 2 young (2048K), 2 survivors (2048K)
 Metaspace       used 15966K, committed 16192K, reserved 1064960K
  class space    used 1812K, committed 1920K, reserved 1048576K
}

